This file contains any messages produced by compilers while
running configure, to aid debugging if configure makes a mistake.

It was created by apertium-en-es configure 0.8.0, which was
generated by GNU Autoconf 2.69.  Invocation command line was

  $ ./configure --no-create --no-recursion

## --------- ##
## Platform. ##
## --------- ##

hostname = wizzard
uname -m = x86_64
uname -r = 3.5.0-27-generic
uname -s = Linux
uname -v = #46-Ubuntu SMP Mon Mar 25 19:58:17 UTC 2013

/usr/bin/uname -p = unknown
/bin/uname -X     = unknown

/bin/arch              = unknown
/usr/bin/arch -k       = unknown
/usr/convex/getsysinfo = unknown
/usr/bin/hostinfo      = unknown
/bin/machine           = unknown
/usr/bin/oslevel       = unknown
/bin/universe          = unknown

PATH: /home/skar/bin
PATH: /home/skar/bin
PATH: /home/skar/bin
PATH: /usr/lib/lightdm/lightdm
PATH: /usr/local/sbin
PATH: /usr/local/bin
PATH: /usr/sbin
PATH: /usr/bin
PATH: /sbin
PATH: /bin
PATH: /usr/games
PATH: /usr/local/games
PATH: /home/skar/android-sdks/tools
PATH: /home/skar/android-sdks/platform-tools


## ----------- ##
## Core tests. ##
## ----------- ##

configure:1768: checking for a BSD-compatible install
configure:1836: result: /usr/bin/install -c
configure:1847: checking whether build environment is sane
configure:1897: result: yes
configure:2038: checking for a thread-safe mkdir -p
configure:2077: result: /bin/mkdir -p
configure:2090: checking for gawk
configure:2106: found /usr/bin/gawk
configure:2117: result: gawk
configure:2128: checking whether make sets $(MAKE)
configure:2150: result: yes
configure:2221: checking whether ln -s works
configure:2225: result: yes
configure:2236: checking for gawk
configure:2263: result: gawk
configure:2333: checking for pkg-config
configure:2351: found /usr/bin/pkg-config
configure:2363: result: /usr/bin/pkg-config
configure:2388: checking pkg-config is at least version 0.9.0
configure:2391: result: yes
configure:2403: checking for APERTIUM
configure:2410: $PKG_CONFIG --exists --print-errors "apertium-1.0 >= 1.0.0"
Package apertium-1.0 was not found in the pkg-config search path.
Perhaps you should add the directory containing `apertium-1.0.pc'
to the PKG_CONFIG_PATH environment variable
No package 'apertium-1.0' found
configure:2413: $? = 1
configure:2427: $PKG_CONFIG --exists --print-errors "apertium-1.0 >= 1.0.0"
Package apertium-1.0 was not found in the pkg-config search path.
Perhaps you should add the directory containing `apertium-1.0.pc'
to the PKG_CONFIG_PATH environment variable
No package 'apertium-1.0' found
configure:2430: $? = 1
configure:2444: result: no
No package 'apertium-1.0' found
configure:2463: checking for APERTIUM
configure:2470: $PKG_CONFIG --exists --print-errors "apertium-2.0 >= 2.0.0"
Package apertium-2.0 was not found in the pkg-config search path.
Perhaps you should add the directory containing `apertium-2.0.pc'
to the PKG_CONFIG_PATH environment variable
No package 'apertium-2.0' found
configure:2473: $? = 1
configure:2487: $PKG_CONFIG --exists --print-errors "apertium-2.0 >= 2.0.0"
Package apertium-2.0 was not found in the pkg-config search path.
Perhaps you should add the directory containing `apertium-2.0.pc'
to the PKG_CONFIG_PATH environment variable
No package 'apertium-2.0' found
configure:2490: $? = 1
configure:2504: result: no
No package 'apertium-2.0' found
configure:2523: checking for APERTIUM
configure:2530: $PKG_CONFIG --exists --print-errors "apertium-3.0 >= 3.0.0"
configure:2533: $? = 0
configure:2547: $PKG_CONFIG --exists --print-errors "apertium-3.0 >= 3.0.0"
configure:2550: $? = 0
configure:3108: result: yes
configure:5129: creating ./config.status

## ---------------- ##
## Cache variables. ##
## ---------------- ##

ac_cv_env_APERTIUM_CFLAGS_set=
ac_cv_env_APERTIUM_CFLAGS_value=
ac_cv_env_APERTIUM_LIBS_set=
ac_cv_env_APERTIUM_LIBS_value=
ac_cv_env_PKG_CONFIG_LIBDIR_set=
ac_cv_env_PKG_CONFIG_LIBDIR_value=
ac_cv_env_PKG_CONFIG_PATH_set=
ac_cv_env_PKG_CONFIG_PATH_value=
ac_cv_env_PKG_CONFIG_set=
ac_cv_env_PKG_CONFIG_value=
ac_cv_env_build_alias_set=
ac_cv_env_build_alias_value=
ac_cv_env_host_alias_set=
ac_cv_env_host_alias_value=
ac_cv_env_target_alias_set=
ac_cv_env_target_alias_value=
ac_cv_path_ac_pt_PKG_CONFIG=/usr/bin/pkg-config
ac_cv_path_install='/usr/bin/install -c'
ac_cv_path_mkdir=/bin/mkdir
ac_cv_prog_AWK=gawk
ac_cv_prog_make_make_set=yes
pkg_cv_APERTIUM_CFLAGS='-I/usr/local/include/lttoolbox-3.2 -I/usr/local/lib/lttoolbox-3.2/include -I/usr/include/libxml2  '
pkg_cv_APERTIUM_LIBS='-L/usr/local/lib -llttoolbox3 -lxml2  '

## ----------------- ##
## Output variables. ##
## ----------------- ##

ACLOCAL='${SHELL} /home/skar/projects/apertium/coding-challenge/apertium-en-es/missing --run aclocal-1.11'
ALTXSL='alt.xsl'
AMTAR='$${TAR-tar}'
APERTIUM_CFLAGS='-I/usr/local/include/lttoolbox-3.2 -I/usr/local/lib/lttoolbox-3.2/include -I/usr/include/libxml2  '
APERTIUM_LIBS='-L/usr/local/lib -llttoolbox3 -lxml2  '
APERTIUM_VER='30'
AUTOCONF='${SHELL} /home/skar/projects/apertium/coding-challenge/apertium-en-es/missing --run autoconf'
AUTOHEADER='${SHELL} /home/skar/projects/apertium/coding-challenge/apertium-en-es/missing --run autoheader'
AUTOMAKE='${SHELL} /home/skar/projects/apertium/coding-challenge/apertium-en-es/missing --run automake-1.11'
AWK='gawk'
CYGPATH_W='echo'
DEFS='-DHAVE_CONFIG_H'
ECHO_C=''
ECHO_N='-n'
ECHO_T=''
INSTALL_DATA='${INSTALL} -m 644'
INSTALL_PROGRAM='${INSTALL}'
INSTALL_SCRIPT='${INSTALL}'
INSTALL_STRIP_PROGRAM='$(install_sh) -c -s'
LIBOBJS=''
LIBS=''
LN_S='ln -s'
LTLIBOBJS=''
MAKEINFO='${SHELL} /home/skar/projects/apertium/coding-challenge/apertium-en-es/missing --run makeinfo'
MKDIR_P='/bin/mkdir -p'
MODES='modes'
PACKAGE='apertium-en-es'
PACKAGE_BUGREPORT='jimregan@users.sourceforge.net'
PACKAGE_NAME='apertium-en-es'
PACKAGE_STRING='apertium-en-es 0.8.0'
PACKAGE_TARNAME='apertium-en-es'
PACKAGE_URL=''
PACKAGE_VERSION='0.8.0'
PATH_SEPARATOR=':'
PKG_CONFIG='/usr/bin/pkg-config'
PKG_CONFIG_LIBDIR=''
PKG_CONFIG_PATH=''
SET_MAKE=''
SHELL='/bin/bash'
STRIP=''
VERSION='0.8.0'
am__isrc=''
am__leading_dot='.'
am__tar='$${TAR-tar} chof - "$$tardir"'
am__untar='$${TAR-tar} xf -'
bindir='${exec_prefix}/bin'
build_alias=''
datadir='${datarootdir}'
datarootdir='${prefix}/share'
docdir='${datarootdir}/doc/${PACKAGE_TARNAME}'
dvidir='${docdir}'
exec_prefix='${prefix}'
host_alias=''
htmldir='${docdir}'
includedir='${prefix}/include'
infodir='${datarootdir}/info'
install_sh='${SHELL} /home/skar/projects/apertium/coding-challenge/apertium-en-es/install-sh'
libdir='${exec_prefix}/lib'
libexecdir='${exec_prefix}/libexec'
localedir='${datarootdir}/locale'
localstatedir='${prefix}/var'
mandir='${datarootdir}/man'
mkdir_p='/bin/mkdir -p'
oldincludedir='/usr/include'
pdfdir='${docdir}'
prefix='/usr/local'
program_transform_name='s,x,x,'
psdir='${docdir}'
sbindir='${exec_prefix}/sbin'
sharedstatedir='${prefix}/com'
sysconfdir='${prefix}/etc'
target_alias=''

## ----------- ##
## confdefs.h. ##
## ----------- ##

/* confdefs.h */
#define PACKAGE_NAME "apertium-en-es"
#define PACKAGE_TARNAME "apertium-en-es"
#define PACKAGE_VERSION "0.8.0"
#define PACKAGE_STRING "apertium-en-es 0.8.0"
#define PACKAGE_BUGREPORT "jimregan@users.sourceforge.net"
#define PACKAGE_URL ""

configure: exit 0

## ---------------------- ##
## Running config.status. ##
## ---------------------- ##

This file was extended by apertium-en-es config.status 0.8.0, which was
generated by GNU Autoconf 2.69.  Invocation command line was

  CONFIG_FILES    = 
  CONFIG_HEADERS  = 
  CONFIG_LINKS    = 
  CONFIG_COMMANDS = 
  $ ./config.status 

on wizzard

config.status:812: creating Makefile
config.status:812: creating config
config.status:993: config is unchanged
